-------------------------------------------------------------------------------
Test set: com.udacity.jwdnd.course1.cloudstorage.CloudStorageApplicationTests
-------------------------------------------------------------------------------
Tests run: 4, Failures: 0, Errors: 3, Skipped: 0, Time elapsed: 12.686 s <<< FAILURE! - in com.udacity.jwdnd.course1.cloudstorage.CloudStorageApplicationTests
testLargeUpload  Time elapsed: 3.848 s  <<< ERROR!
org.openqa.selenium.TimeoutException: Expected condition failed: waiting for visibility of element located by By.id: buttonSignUp (tried for 2 second(s) with 500 milliseconds interval)
	at com.udacity.jwdnd.course1.cloudstorage.CloudStorageApplicationTests.doMockSignUp(CloudStorageApplicationTests.java:95)
	at com.udacity.jwdnd.course1.cloudstorage.CloudStorageApplicationTests.testLargeUpload(CloudStorageApplicationTests.java:195)
Caused by: org.openqa.selenium.NoSuchElementException: 
no such element: Unable to locate element: {"method":"css selector","selector":"#buttonSignUp"}
  (Session info: chrome=101.0.4951.54)
For documentation on this error, please visit: https://www.seleniumhq.org/exceptions/no_such_element.html
Build info: version: '3.141.59', revision: 'e82be7d358', time: '2018-11-14T08:17:03'
System info: host: 'PPH-LAP-01396', ip: '127.0.1.1', os.name: 'Linux', os.arch: 'amd64', os.version: '5.14.0-1038-oem', java.version: '11.0.15'
Driver info: org.openqa.selenium.chrome.ChromeDriver
Capabilities {acceptInsecureCerts: false, browserName: chrome, browserVersion: 101.0.4951.54, chrome: {chromedriverVersion: 101.0.4951.41 (93c720db8323..., userDataDir: /tmp/.com.google.Chrome.gb0Fmz}, goog:chromeOptions: {debuggerAddress: localhost:39729}, javascriptEnabled: true, networkConnectionEnabled: false, pageLoadStrategy: normal, platform: LINUX, platformName: LINUX, proxy: Proxy(), setWindowRect: true, strictFileInteractability: false, timeouts: {implicit: 0, pageLoad: 300000, script: 30000}, unhandledPromptBehavior: dismiss and notify, webauthn:extension:credBlob: true, webauthn:extension:largeBlob: true, webauthn:virtualAuthenticators: true}
Session ID: 48264805507695cfac128a1eeb8f5279
*** Element info: {Using=id, value=buttonSignUp}
	at com.udacity.jwdnd.course1.cloudstorage.CloudStorageApplicationTests.doMockSignUp(CloudStorageApplicationTests.java:95)
	at com.udacity.jwdnd.course1.cloudstorage.CloudStorageApplicationTests.testLargeUpload(CloudStorageApplicationTests.java:195)

testBadUrl  Time elapsed: 2.959 s  <<< ERROR!
org.openqa.selenium.TimeoutException: Expected condition failed: waiting for visibility of element located by By.id: buttonSignUp (tried for 2 second(s) with 500 milliseconds interval)
	at com.udacity.jwdnd.course1.cloudstorage.CloudStorageApplicationTests.doMockSignUp(CloudStorageApplicationTests.java:95)
	at com.udacity.jwdnd.course1.cloudstorage.CloudStorageApplicationTests.testBadUrl(CloudStorageApplicationTests.java:171)
Caused by: org.openqa.selenium.NoSuchElementException: 
no such element: Unable to locate element: {"method":"css selector","selector":"#buttonSignUp"}
  (Session info: chrome=101.0.4951.54)
For documentation on this error, please visit: https://www.seleniumhq.org/exceptions/no_such_element.html
Build info: version: '3.141.59', revision: 'e82be7d358', time: '2018-11-14T08:17:03'
System info: host: 'PPH-LAP-01396', ip: '127.0.1.1', os.name: 'Linux', os.arch: 'amd64', os.version: '5.14.0-1038-oem', java.version: '11.0.15'
Driver info: org.openqa.selenium.chrome.ChromeDriver
Capabilities {acceptInsecureCerts: false, browserName: chrome, browserVersion: 101.0.4951.54, chrome: {chromedriverVersion: 101.0.4951.41 (93c720db8323..., userDataDir: /tmp/.com.google.Chrome.3WIKe4}, goog:chromeOptions: {debuggerAddress: localhost:39391}, javascriptEnabled: true, networkConnectionEnabled: false, pageLoadStrategy: normal, platform: LINUX, platformName: LINUX, proxy: Proxy(), setWindowRect: true, strictFileInteractability: false, timeouts: {implicit: 0, pageLoad: 300000, script: 30000}, unhandledPromptBehavior: dismiss and notify, webauthn:extension:credBlob: true, webauthn:extension:largeBlob: true, webauthn:virtualAuthenticators: true}
Session ID: 3a48eaaa49465976b3bff1d5bb5409d6
*** Element info: {Using=id, value=buttonSignUp}
	at com.udacity.jwdnd.course1.cloudstorage.CloudStorageApplicationTests.doMockSignUp(CloudStorageApplicationTests.java:95)
	at com.udacity.jwdnd.course1.cloudstorage.CloudStorageApplicationTests.testBadUrl(CloudStorageApplicationTests.java:171)

testRedirection  Time elapsed: 2.759 s  <<< ERROR!
org.openqa.selenium.TimeoutException: Expected condition failed: waiting for visibility of element located by By.id: buttonSignUp (tried for 2 second(s) with 500 milliseconds interval)
	at com.udacity.jwdnd.course1.cloudstorage.CloudStorageApplicationTests.doMockSignUp(CloudStorageApplicationTests.java:95)
	at com.udacity.jwdnd.course1.cloudstorage.CloudStorageApplicationTests.testRedirection(CloudStorageApplicationTests.java:150)
Caused by: org.openqa.selenium.NoSuchElementException: 
no such element: Unable to locate element: {"method":"css selector","selector":"#buttonSignUp"}
  (Session info: chrome=101.0.4951.54)
For documentation on this error, please visit: https://www.seleniumhq.org/exceptions/no_such_element.html
Build info: version: '3.141.59', revision: 'e82be7d358', time: '2018-11-14T08:17:03'
System info: host: 'PPH-LAP-01396', ip: '127.0.1.1', os.name: 'Linux', os.arch: 'amd64', os.version: '5.14.0-1038-oem', java.version: '11.0.15'
Driver info: org.openqa.selenium.chrome.ChromeDriver
Capabilities {acceptInsecureCerts: false, browserName: chrome, browserVersion: 101.0.4951.54, chrome: {chromedriverVersion: 101.0.4951.41 (93c720db8323..., userDataDir: /tmp/.com.google.Chrome.UY0r0g}, goog:chromeOptions: {debuggerAddress: localhost:45385}, javascriptEnabled: true, networkConnectionEnabled: false, pageLoadStrategy: normal, platform: LINUX, platformName: LINUX, proxy: Proxy(), setWindowRect: true, strictFileInteractability: false, timeouts: {implicit: 0, pageLoad: 300000, script: 30000}, unhandledPromptBehavior: dismiss and notify, webauthn:extension:credBlob: true, webauthn:extension:largeBlob: true, webauthn:virtualAuthenticators: true}
Session ID: c212a796e0ef747dea8f7b8e2f9f8a3c
*** Element info: {Using=id, value=buttonSignUp}
	at com.udacity.jwdnd.course1.cloudstorage.CloudStorageApplicationTests.doMockSignUp(CloudStorageApplicationTests.java:95)
	at com.udacity.jwdnd.course1.cloudstorage.CloudStorageApplicationTests.testRedirection(CloudStorageApplicationTests.java:150)

